0 info it worked if it ends with ok
1 verbose cli [ 'C:\\Program Files\\nodejs\\node.exe',
1 verbose cli   'C:\\Users\\Administrateur.ADMIN-J35CK3CKF\\AppData\\Roaming\\npm\\node_modules\\npm\\bin\\npm-cli.js',
1 verbose cli   'run',
1 verbose cli   'start:dev' ]
2 info using npm@4.0.3
3 info using node@v7.2.1
4 verbose run-script [ 'prestart:dev', 'start:dev', 'poststart:dev' ]
5 info lifecycle expresshtml@0.0.0~prestart:dev: expresshtml@0.0.0
6 silly lifecycle expresshtml@0.0.0~prestart:dev: no script for prestart:dev, continuing
7 info lifecycle expresshtml@0.0.0~start:dev: expresshtml@0.0.0
8 verbose lifecycle expresshtml@0.0.0~start:dev: unsafe-perm in lifecycle true
9 verbose lifecycle expresshtml@0.0.0~start:dev: PATH: C:\Users\Administrateur.ADMIN-J35CK3CKF\AppData\Roaming\npm\node_modules\npm\bin\node-gyp-bin;C:\Formation\ExpressHTML\node_modules\.bin;C:\Ruby22\bin;C:\Python34\Lib\site-packages\PyQt5;C:\Python34\;C:\Python34\Scripts;C:\ProgramData\Oracle\Java\javapath;C:\Windows\system32;C:\Windows;C:\Windows\System32\Wbem;C:\Windows\System32\WindowsPowerShell\v1.0\;C:\Program Files\Java\jdk1.8.0_31\bin;C:\Program Files (x86)\MySQL\MySQL Utilities 1.3.6\;C:\apache-ant-1.9.4\bin;C:\Program Files (x86)\Rational\common;C:\Program Files (x86)\Windows Kits\8.1\Windows Performance Toolkit\;C:\Program Files\nodejs\;C:\Program Files (x86)\adt-bundle-windows-x86-20131030\sdk\tools;C:\Program Files (x86)\adt-bundle-windows-x86-20131030\sdk\platform-tools;C:\npm;C:\Program Files\MySQL\MySQL Server 5.6\bin;C:\activator-1.2.12;C:\Program Files\TortoiseSVN\bin;C:\Program Files\jEdit;C:\Program Files\Amazon\AWSCLI\;C:\Program Files\Google\Cloud SDK\google-cloud-sdk\bin;C:\MinGW\bin;C:\Program Files (x86)\Bitvise SSH Client;C:\Program Files\Docker Toolbox;C:\Program Files\Git\cmd;C:\Users\Administrateur.ADMIN-J35CK3CKF\AppData\Roaming\npm
10 verbose lifecycle expresshtml@0.0.0~start:dev: CWD: C:\Formation\ExpressHTML
11 silly lifecycle expresshtml@0.0.0~start:dev: Args: [ '/d /s /c', 'SET DEBUG=expresshtml:* & nodemon ./bin/www' ]
12 silly lifecycle expresshtml@0.0.0~start:dev: Returned: code: 3221225786  signal: null
13 info lifecycle expresshtml@0.0.0~start:dev: Failed to exec start:dev script
14 verbose stack Error: expresshtml@0.0.0 start:dev: `SET DEBUG=expresshtml:* & nodemon ./bin/www`
14 verbose stack Exit status 3221225786
14 verbose stack     at EventEmitter.<anonymous> (C:\Users\Administrateur.ADMIN-J35CK3CKF\AppData\Roaming\npm\node_modules\npm\lib\utils\lifecycle.js:279:16)
14 verbose stack     at emitTwo (events.js:106:13)
14 verbose stack     at EventEmitter.emit (events.js:191:7)
14 verbose stack     at ChildProcess.<anonymous> (C:\Users\Administrateur.ADMIN-J35CK3CKF\AppData\Roaming\npm\node_modules\npm\lib\utils\spawn.js:40:14)
14 verbose stack     at emitTwo (events.js:106:13)
14 verbose stack     at ChildProcess.emit (events.js:191:7)
14 verbose stack     at maybeClose (internal/child_process.js:885:16)
14 verbose stack     at Process.ChildProcess._handle.onexit (internal/child_process.js:226:5)
15 verbose pkgid expresshtml@0.0.0
16 verbose cwd C:\Formation\ExpressHTML
17 error Windows_NT 6.1.7601
18 error argv "C:\\Program Files\\nodejs\\node.exe" "C:\\Users\\Administrateur.ADMIN-J35CK3CKF\\AppData\\Roaming\\npm\\node_modules\\npm\\bin\\npm-cli.js" "run" "start:dev"
19 error node v7.2.1
20 error npm  v4.0.3
21 error code ELIFECYCLE
22 error expresshtml@0.0.0 start:dev: `SET DEBUG=expresshtml:* & nodemon ./bin/www`
22 error Exit status 3221225786
23 error Failed at the expresshtml@0.0.0 start:dev script 'SET DEBUG=expresshtml:* & nodemon ./bin/www'.
23 error Make sure you have the latest version of node.js and npm installed.
23 error If you do, this is most likely a problem with the expresshtml package,
23 error not with npm itself.
23 error Tell the author that this fails on your system:
23 error     SET DEBUG=expresshtml:* & nodemon ./bin/www
23 error You can get information on how to open an issue for this project with:
23 error     npm bugs expresshtml
23 error Or if that isn't available, you can get their info via:
23 error     npm owner ls expresshtml
23 error There is likely additional logging output above.
24 verbose exit [ 1, true ]
